Date: Sat Nov 28 11:55:03 2020
Error: signal 11
[bt]: (0) /tmp/.mount_xournac55GkO/usr/bin/xournalpp() [0x5c04c8]
[bt]: (1) /lib/x86_64-linux-gnu/libc.so.6(+0x46210) [0x7f8c4b05f210]
[bt]: (2) /lib/x86_64-linux-gnu/libc.so.6(+0x18e7b8) [0x7f8c4b1a77b8]
[bt]: (3) /tmp/.mount_xournac55GkO/usr/lib/libpng12.so.0(+0x1baa5) [0x7f8c4819daa5]
[bt]: (4) /tmp/.mount_xournac55GkO/usr/lib/libpng12.so.0(+0x1bf5c) [0x7f8c4819df5c]
[bt]: (5) /tmp/.mount_xournac55GkO/usr/lib/libpng12.so.0(+0x1c151) [0x7f8c4819e151]
[bt]: (6) /tmp/.mount_xournac55GkO/usr/lib/libpng12.so.0(png_process_data+0x3b) [0x7f8c4819e2cb]
[bt]: (7) /tmp/.mount_xournac55GkO/usr/lib/gdk-pixbuf-2.0/loaders/libpixbufloader-png.so(+0x2b99) [0x7f8c3c564b99]
[bt]: (8) /lib/x86_64-linux-gnu/libgdk_pixbuf-2.0.so.0(+0x10281) [0x7f8c4c913281]
[bt]: (9) /lib/x86_64-linux-gnu/libgdk_pixbuf-2.0.so.0(gdk_pixbuf_loader_close+0x175) [0x7f8c4c913b15]
[bt]: (10) /lib/x86_64-linux-gnu/libgdk_pixbuf-2.0.so.0(+0xd233) [0x7f8c4c910233]
[bt]: (11) /lib/x86_64-linux-gnu/libgdk_pixbuf-2.0.so.0(gdk_pixbuf_new_from_stream+0x31) [0x7f8c4c9112c1]
[bt]: (12) /tmp/.mount_xournac55GkO/usr/lib/libgtk-3.so.0(+0x1dd994) [0x7f8c4d169994]
[bt]: (13) /tmp/.mount_xournac55GkO/usr/lib/libgtk-3.so.0(gtk_icon_info_load_icon+0x68) [0x7f8c4d16d198]
[bt]: (14) /tmp/.mount_xournac55GkO/usr/lib/libgtk-3.so.0(gtk_icon_info_load_symbolic_for_context+0x183) [0x7f8c4d16de83]
[bt]: (15) /tmp/.mount_xournac55GkO/usr/lib/libgtk-3.so.0(+0x1da883) [0x7f8c4d166883]
[bt]: (16) /tmp/.mount_xournac55GkO/usr/lib/libgtk-3.so.0(+0x1dabbb) [0x7f8c4d166bbb]
[bt]: (17) /tmp/.mount_xournac55GkO/usr/lib/libgtk-3.so.0(+0x1edcf2) [0x7f8c4d179cf2]
[bt]: (18) /tmp/.mount_xournac55GkO/usr/lib/libgtk-3.so.0(+0x1eded7) [0x7f8c4d179ed7]
[bt]: (19) /tmp/.mount_xournac55GkO/usr/lib/libgtk-3.so.0(+0x2a871b) [0x7f8c4d23471b]
[bt]: (20) /tmp/.mount_xournac55GkO/usr/lib/libgtk-3.so.0(+0x2a89af) [0x7f8c4d2349af]
[bt]: (21) /tmp/.mount_xournac55GkO/usr/lib/libgtk-3.so.0(gtk_widget_get_preferred_height_and_baseline_for_width+0xa6) [0x7f8c4d234c76]
[bt]: (22) /tmp/.mount_xournac55GkO/usr/lib/libgtk-3.so.0(+0x120186) [0x7f8c4d0ac186]
[bt]: (23) /tmp/.mount_xournac55GkO/usr/lib/libgtk-3.so.0(+0x1201fb) [0x7f8c4d0ac1fb]
[bt]: (24) /tmp/.mount_xournac55GkO/usr/lib/libgtk-3.so.0(+0x2a871b) [0x7f8c4d23471b]
[bt]: (25) /tmp/.mount_xournac55GkO/usr/lib/libgtk-3.so.0(+0x2a89af) [0x7f8c4d2349af]
[bt]: (26) /tmp/.mount_xournac55GkO/usr/lib/libgtk-3.so.0(gtk_widget_get_preferred_height+0x8a) [0x7f8c4d23408a]
[bt]: (27) /tmp/.mount_xournac55GkO/usr/lib/libgtk-3.so.0(+0x2a87d4) [0x7f8c4d2347d4]
[bt]: (28) /tmp/.mount_xournac55GkO/usr/lib/libgtk-3.so.0(+0x2a89af) [0x7f8c4d2349af]
[bt]: (29) /tmp/.mount_xournac55GkO/usr/lib/libgtk-3.so.0(gtk_widget_get_preferred_height_and_baseline_for_width+0xa6) [0x7f8c4d234c76]
[bt]: (30) /tmp/.mount_xournac55GkO/usr/lib/libgtk-3.so.0(+0x2a8d37) [0x7f8c4d234d37]
[bt]: (31) /tmp/.mount_xournac55GkO/usr/lib/libgtk-3.so.0(+0x301d94) [0x7f8c4d28dd94]
[bt]: (32) /tmp/.mount_xournac55GkO/usr/lib/libgtk-3.so.0(+0x3020b9) [0x7f8c4d28e0b9]
[bt]: (33) /tmp/.mount_xournac55GkO/usr/lib/libgtk-3.so.0(+0x2a87d4) [0x7f8c4d2347d4]
[bt]: (34) /tmp/.mount_xournac55GkO/usr/lib/libgtk-3.so.0(+0x2a89af) [0x7f8c4d2349af]
[bt]: (35) /tmp/.mount_xournac55GkO/usr/lib/libgtk-3.so.0(gtk_widget_get_preferred_height_and_baseline_for_width+0xa6) [0x7f8c4d234c76]
[bt]: (36) /tmp/.mount_xournac55GkO/usr/lib/libgtk-3.so.0(+0x11348d) [0x7f8c4d09f48d]
[bt]: (37) /tmp/.mount_xournac55GkO/usr/lib/libgtk-3.so.0(+0x2a871b) [0x7f8c4d23471b]
[bt]: (38) /tmp/.mount_xournac55GkO/usr/lib/libgtk-3.so.0(+0x2a89af) [0x7f8c4d2349af]
[bt]: (39) /tmp/.mount_xournac55GkO/usr/lib/libgtk-3.so.0(gtk_widget_get_preferred_height+0x8a) [0x7f8c4d23408a]
[bt]: (40) /tmp/.mount_xournac55GkO/usr/lib/libgtk-3.so.0(+0x10f8a1) [0x7f8c4d09b8a1]
[bt]: (41) /tmp/.mount_xournac55GkO/usr/lib/libgtk-3.so.0(+0x2a87d4) [0x7f8c4d2347d4]
[bt]: (42) /tmp/.mount_xournac55GkO/usr/lib/libgtk-3.so.0(+0x2a89af) [0x7f8c4d2349af]
[bt]: (43) /tmp/.mount_xournac55GkO/usr/lib/libgtk-3.so.0(gtk_widget_get_preferred_height+0x8a) [0x7f8c4d23408a]
[bt]: (44) /tmp/.mount_xournac55GkO/usr/lib/libgtk-3.so.0(+0x368342) [0x7f8c4d2f4342]
[bt]: (45) /tmp/.mount_xournac55GkO/usr/lib/libgtk-3.so.0(+0x2a87d4) [0x7f8c4d2347d4]
[bt]: (46) /tmp/.mount_xournac55GkO/usr/lib/libgtk-3.so.0(+0x2a89af) [0x7f8c4d2349af]
[bt]: (47) /tmp/.mount_xournac55GkO/usr/lib/libgtk-3.so.0(gtk_widget_get_preferred_height_and_baseline_for_width+0xa6) [0x7f8c4d234c76]
[bt]: (48) /tmp/.mount_xournac55GkO/usr/lib/libgtk-3.so.0(+0x2a8d37) [0x7f8c4d234d37]
[bt]: (49) /tmp/.mount_xournac55GkO/usr/lib/libgtk-3.so.0(+0x369d93) [0x7f8c4d2f5d93]
[bt]: (50) /tmp/.mount_xournac55GkO/usr/lib/libgtk-3.so.0(+0x36cb00) [0x7f8c4d2f8b00]
[bt]: (51) /lib/x86_64-linux-gnu/libgobject-2.0.so.0(g_closure_invoke+0x1b2) [0x7f8c4c6d6802]
[bt]: (52) /lib/x86_64-linux-gnu/libgobject-2.0.so.0(+0x28962) [0x7f8c4c6ea962]
[bt]: (53) /lib/x86_64-linux-gnu/libgobject-2.0.so.0(g_signal_emit_valist+0x10ae) [0x7f8c4c6f5b9e]
[bt]: (54) /lib/x86_64-linux-gnu/libgobject-2.0.so.0(g_signal_emit+0x93) [0x7f8c4c6f60d3]
[bt]: (55) /tmp/.mount_xournac55GkO/usr/lib/libgtk-3.so.0(gtk_widget_show+0xa5) [0x7f8c4d2e8715]
[bt]: (56) /tmp/.mount_xournac55GkO/usr/bin/xournalpp(_ZN11XournalMain3runEiPPc+0x85e) [0x4adb4e]
[bt]: (57) /tmp/.mount_xournac55GkO/usr/bin/xournalpp(main+0x30) [0x4814f0]
[bt]: (58) /lib/x86_64-linux-gnu/libc.so.6(__libc_start_main+0xf3) [0x7f8c4b0400b3]
[bt]: (59) /tmp/.mount_xournac55GkO/usr/bin/xournalpp(_start+0x29) [0x4816a9]


Try to get a better stracktrace...
[bt] #1 /tmp/.mount_xournac55GkO/usr/bin/xournalpp() [0x5c089d]
/home/vsts/work/1/s/build/../src/util/CrashHandlerUnix.h:102
[bt] #2 /lib/x86_64-linux-gnu/libc.so.6(+0x46210) [0x7f8c4b05f210]
??:0
[bt] #3 /lib/x86_64-linux-gnu/libc.so.6(+0x18e7b8) [0x7f8c4b1a77b8]
??:0
[bt] #4 /tmp/.mount_xournac55GkO/usr/lib/libpng12.so.0(+0x1baa5) [0x7f8c4819daa5]
??:0
[bt] #5 /tmp/.mount_xournac55GkO/usr/lib/libpng12.so.0(+0x1bf5c) [0x7f8c4819df5c]
??:0
[bt] #6 /tmp/.mount_xournac55GkO/usr/lib/libpng12.so.0(+0x1c151) [0x7f8c4819e151]
??:0
[bt] #7 /tmp/.mount_xournac55GkO/usr/lib/libpng12.so.0(png_process_data+0x3b) [0x7f8c4819e2cb]
??:0
[bt] #8 /tmp/.mount_xournac55GkO/usr/lib/gdk-pixbuf-2.0/loaders/libpixbufloader-png.so(+0x2b99) [0x7f8c3c564b99]
??:0
[bt] #9 /lib/x86_64-linux-gnu/libgdk_pixbuf-2.0.so.0(+0x10281) [0x7f8c4c913281]
??:0
[bt] #10 /lib/x86_64-linux-gnu/libgdk_pixbuf-2.0.so.0(gdk_pixbuf_loader_close+0x175) [0x7f8c4c913b15]
??:0
[bt] #11 /lib/x86_64-linux-gnu/libgdk_pixbuf-2.0.so.0(+0xd233) [0x7f8c4c910233]
??:0
[bt] #12 /lib/x86_64-linux-gnu/libgdk_pixbuf-2.0.so.0(gdk_pixbuf_new_from_stream+0x31) [0x7f8c4c9112c1]
??:0
[bt] #13 /tmp/.mount_xournac55GkO/usr/lib/libgtk-3.so.0(+0x1dd994) [0x7f8c4d169994]
??:0
[bt] #14 /tmp/.mount_xournac55GkO/usr/lib/libgtk-3.so.0(gtk_icon_info_load_icon+0x68) [0x7f8c4d16d198]
??:0
[bt] #15 /tmp/.mount_xournac55GkO/usr/lib/libgtk-3.so.0(gtk_icon_info_load_symbolic_for_context+0x183) [0x7f8c4d16de83]
??:0
[bt] #16 /tmp/.mount_xournac55GkO/usr/lib/libgtk-3.so.0(+0x1da883) [0x7f8c4d166883]
??:0
[bt] #17 /tmp/.mount_xournac55GkO/usr/lib/libgtk-3.so.0(+0x1dabbb) [0x7f8c4d166bbb]
??:0
[bt] #18 /tmp/.mount_xournac55GkO/usr/lib/libgtk-3.so.0(+0x1edcf2) [0x7f8c4d179cf2]
??:0
[bt] #19 /tmp/.mount_xournac55GkO/usr/lib/libgtk-3.so.0(+0x1eded7) [0x7f8c4d179ed7]
??:0
[bt] #20 /tmp/.mount_xournac55GkO/usr/lib/libgtk-3.so.0(+0x2a871b) [0x7f8c4d23471b]
??:0
[bt] #21 /tmp/.mount_xournac55GkO/usr/lib/libgtk-3.so.0(+0x2a89af) [0x7f8c4d2349af]
??:0
[bt] #22 /tmp/.mount_xournac55GkO/usr/lib/libgtk-3.so.0(gtk_widget_get_preferred_height_and_baseline_for_width+0xa6) [0x7f8c4d234c76]
??:0
[bt] #23 /tmp/.mount_xournac55GkO/usr/lib/libgtk-3.so.0(+0x120186) [0x7f8c4d0ac186]
??:0
[bt] #24 /tmp/.mount_xournac55GkO/usr/lib/libgtk-3.so.0(+0x1201fb) [0x7f8c4d0ac1fb]
??:0
[bt] #25 /tmp/.mount_xournac55GkO/usr/lib/libgtk-3.so.0(+0x2a871b) [0x7f8c4d23471b]
??:0
[bt] #26 /tmp/.mount_xournac55GkO/usr/lib/libgtk-3.so.0(+0x2a89af) [0x7f8c4d2349af]
??:0
[bt] #27 /tmp/.mount_xournac55GkO/usr/lib/libgtk-3.so.0(gtk_widget_get_preferred_height+0x8a) [0x7f8c4d23408a]
??:0
[bt] #28 /tmp/.mount_xournac55GkO/usr/lib/libgtk-3.so.0(+0x2a87d4) [0x7f8c4d2347d4]
??:0
[bt] #29 /tmp/.mount_xournac55GkO/usr/lib/libgtk-3.so.0(+0x2a89af) [0x7f8c4d2349af]
??:0
[bt] #30 /tmp/.mount_xournac55GkO/usr/lib/libgtk-3.so.0(gtk_widget_get_preferred_height_and_baseline_for_width+0xa6) [0x7f8c4d234c76]
??:0
[bt] #31 /tmp/.mount_xournac55GkO/usr/lib/libgtk-3.so.0(+0x2a8d37) [0x7f8c4d234d37]
??:0
