Date: Sat Jun 12 21:53:34 2021
Error: signal 11
[bt]: (0) xournalpp(+0x1d95d2) [0x56120a9355d2]
[bt]: (1) /usr/lib/libc.so.6(+0x3cf80) [0x7fed18ad5f80]
[bt]: (2) xournalpp(_ZN7XojPage11unreferenceEv+0x96) [0x56120a9115c6]
[bt]: (3) xournalpp(_ZN7PageRefaSEP7XojPage+0x1b) [0x56120a90a34b]
[bt]: (4) xournalpp(_ZN23SidebarPreviewBaseEntryD1Ev+0xb1) [0x56120a8da831]
[bt]: (5) xournalpp(_ZN23SidebarPreviewPageEntryD0Ev+0x9) [0x56120a8dcf99]
[bt]: (6) xournalpp(_ZN18SidebarPreviewBaseD1Ev+0xfe) [0x56120a8d96ce]
[bt]: (7) xournalpp(_ZN19SidebarPreviewPagesD0Ev+0x9) [0x56120a8dd8e9]
[bt]: (8) xournalpp(_ZN7SidebarD1Ev+0xbf) [0x56120a8d6c7f]
[bt]: (9) xournalpp(_ZN7SidebarD0Ev+0x9) [0x56120a8d6dc9]
[bt]: (10) xournalpp(_ZN7ControlD1Ev+0x212) [0x56120a7fc0a2]
[bt]: (11) xournalpp(_ZN7ControlD0Ev+0x9) [0x56120a7fc3c9]
[bt]: (12) xournalpp(_ZN11XournalMain3runEiPPc+0xc03) [0x56120a821af3]
[bt]: (13) xournalpp(main+0x37) [0x56120a7f5177]
[bt]: (14) /usr/lib/libc.so.6(__libc_start_main+0xd5) [0x7fed18ac0b25]
[bt]: (15) xournalpp(_start+0x2e) [0x56120a7f570e]


Try to get a better stracktrace...
[bt] #1 xournalpp(+0x1d987b) [0x56120a93587b]
??:0
[bt] #2 /usr/lib/libc.so.6(+0x3cf80) [0x7fed18ad5f80]
??:0
[bt] #3 xournalpp(_ZN7XojPage11unreferenceEv+0x96) [0x56120a9115c6]
??:0
[bt] #4 xournalpp(_ZN7PageRefaSEP7XojPage+0x1b) [0x56120a90a34b]
??:0
[bt] #5 xournalpp(_ZN23SidebarPreviewBaseEntryD1Ev+0xb1) [0x56120a8da831]
??:0
[bt] #6 xournalpp(_ZN23SidebarPreviewPageEntryD0Ev+0x9) [0x56120a8dcf99]
??:0
[bt] #7 xournalpp(_ZN18SidebarPreviewBaseD1Ev+0xfe) [0x56120a8d96ce]
??:0
[bt] #8 xournalpp(_ZN19SidebarPreviewPagesD0Ev+0x9) [0x56120a8dd8e9]
??:0
[bt] #9 xournalpp(_ZN7SidebarD1Ev+0xbf) [0x56120a8d6c7f]
??:0
[bt] #10 xournalpp(_ZN7SidebarD0Ev+0x9) [0x56120a8d6dc9]
??:0
[bt] #11 xournalpp(_ZN7ControlD1Ev+0x212) [0x56120a7fc0a2]
??:0
[bt] #12 xournalpp(_ZN7ControlD0Ev+0x9) [0x56120a7fc3c9]
??:0
[bt] #13 xournalpp(_ZN11XournalMain3runEiPPc+0xc03) [0x56120a821af3]
??:0
[bt] #14 xournalpp(main+0x37) [0x56120a7f5177]
??:0
[bt] #15 /usr/lib/libc.so.6(__libc_start_main+0xd5) [0x7fed18ac0b25]
??:0
[bt] #16 xournalpp(_start+0x2e) [0x56120a7f570e]
??:0
