Date: Sat Apr 10 20:32:54 2021
Error: signal 11
[bt]: (0) xournalpp(+0x1da83a) [0x56159b5d983a]
[bt]: (1) /lib/x86_64-linux-gnu/libc.so.6(+0x46210) [0x7fdd2ce47210]
[bt]: (2) xournalpp(_Z16xoj_type_getNamei+0x1004) [0x56159b5e3594]
[bt]: (3) xournalpp(_ZN7XojPage11unreferenceEv+0x47) [0x56159b5b6c07]
[bt]: (4) xournalpp(_ZN7PageRefaSEP7XojPage+0x1e) [0x56159b5afd9e]
[bt]: (5) xournalpp(_ZN23SidebarPreviewBaseEntryD1Ev+0xae) [0x56159b58436e]
[bt]: (6) xournalpp(_ZN23SidebarPreviewPageEntryD0Ev+0xd) [0x56159b5869dd]
[bt]: (7) xournalpp(_ZN18SidebarPreviewBaseD1Ev+0xfe) [0x56159b58325e]
[bt]: (8) xournalpp(_ZN19SidebarPreviewPagesD0Ev+0xd) [0x56159b58718d]
[bt]: (9) xournalpp(_ZN7SidebarD1Ev+0xb7) [0x56159b580837]
[bt]: (10) xournalpp(_ZN7SidebarD0Ev+0xd) [0x56159b58096d]
[bt]: (11) xournalpp(_ZN7ControlD2Ev+0x211) [0x56159b4ac141]
[bt]: (12) xournalpp(_ZN7ControlD0Ev+0xd) [0x56159b4ac45d]
[bt]: (13) xournalpp(_ZN11XournalMain3runEiPPc+0xe72) [0x56159b4ce5d2]
[bt]: (14) xournalpp(main+0x37) [0x56159b4a54a7]
[bt]: (15) /lib/x86_64-linux-gnu/libc.so.6(__libc_start_main+0xf3) [0x7fdd2ce280b3]
[bt]: (16) xournalpp(_start+0x2e) [0x56159b4a56be]


Try to get a better stracktrace...
[bt] #1 xournalpp(+0x1daade) [0x56159b5d9ade]
??:0
[bt] #2 /lib/x86_64-linux-gnu/libc.so.6(+0x46210) [0x7fdd2ce47210]
??:0
[bt] #3 xournalpp(_Z16xoj_type_getNamei+0x1004) [0x56159b5e3594]
??:0
[bt] #4 xournalpp(_ZN7XojPage11unreferenceEv+0x47) [0x56159b5b6c07]
??:0
[bt] #5 xournalpp(_ZN7PageRefaSEP7XojPage+0x1e) [0x56159b5afd9e]
??:0
[bt] #6 xournalpp(_ZN23SidebarPreviewBaseEntryD1Ev+0xae) [0x56159b58436e]
??:0
[bt] #7 xournalpp(_ZN23SidebarPreviewPageEntryD0Ev+0xd) [0x56159b5869dd]
??:0
[bt] #8 xournalpp(_ZN18SidebarPreviewBaseD1Ev+0xfe) [0x56159b58325e]
??:0
[bt] #9 xournalpp(_ZN19SidebarPreviewPagesD0Ev+0xd) [0x56159b58718d]
??:0
[bt] #10 xournalpp(_ZN7SidebarD1Ev+0xb7) [0x56159b580837]
??:0
[bt] #11 xournalpp(_ZN7SidebarD0Ev+0xd) [0x56159b58096d]
??:0
[bt] #12 xournalpp(_ZN7ControlD2Ev+0x211) [0x56159b4ac141]
??:0
[bt] #13 xournalpp(_ZN7ControlD0Ev+0xd) [0x56159b4ac45d]
??:0
[bt] #14 xournalpp(_ZN11XournalMain3runEiPPc+0xe72) [0x56159b4ce5d2]
??:0
[bt] #15 xournalpp(main+0x37) [0x56159b4a54a7]
??:0
[bt] #16 /lib/x86_64-linux-gnu/libc.so.6(__libc_start_main+0xf3) [0x7fdd2ce280b3]
??:0
[bt] #17 xournalpp(_start+0x2e) [0x56159b4a56be]
??:0
