Date: Sat Nov 28 11:54:02 2020
Error: signal 11
[bt]: (0) /tmp/.mount_xourna172YH9/usr/bin/xournalpp() [0x5c04c8]
[bt]: (1) /lib/x86_64-linux-gnu/libc.so.6(+0x46210) [0x7fb5d514c210]
[bt]: (2) /lib/x86_64-linux-gnu/libc.so.6(+0x18e7b8) [0x7fb5d52947b8]
[bt]: (3) /tmp/.mount_xourna172YH9/usr/lib/libpng12.so.0(+0x1baa5) [0x7fb5d228aaa5]
[bt]: (4) /tmp/.mount_xourna172YH9/usr/lib/libpng12.so.0(+0x1bf5c) [0x7fb5d228af5c]
[bt]: (5) /tmp/.mount_xourna172YH9/usr/lib/libpng12.so.0(+0x1c151) [0x7fb5d228b151]
[bt]: (6) /tmp/.mount_xourna172YH9/usr/lib/libpng12.so.0(png_process_data+0x3b) [0x7fb5d228b2cb]
[bt]: (7) /tmp/.mount_xourna172YH9/usr/lib/gdk-pixbuf-2.0/loaders/libpixbufloader-png.so(+0x2b99) [0x7fb5ba651b99]
[bt]: (8) /lib/x86_64-linux-gnu/libgdk_pixbuf-2.0.so.0(+0x10281) [0x7fb5d6a00281]
[bt]: (9) /lib/x86_64-linux-gnu/libgdk_pixbuf-2.0.so.0(gdk_pixbuf_loader_close+0x175) [0x7fb5d6a00b15]
[bt]: (10) /lib/x86_64-linux-gnu/libgdk_pixbuf-2.0.so.0(+0xd233) [0x7fb5d69fd233]
[bt]: (11) /lib/x86_64-linux-gnu/libgdk_pixbuf-2.0.so.0(gdk_pixbuf_new_from_stream+0x31) [0x7fb5d69fe2c1]
[bt]: (12) /tmp/.mount_xourna172YH9/usr/lib/libgtk-3.so.0(+0x1dd994) [0x7fb5d7256994]
[bt]: (13) /tmp/.mount_xourna172YH9/usr/lib/libgtk-3.so.0(gtk_icon_info_load_icon+0x68) [0x7fb5d725a198]
[bt]: (14) /tmp/.mount_xourna172YH9/usr/lib/libgtk-3.so.0(gtk_icon_info_load_symbolic_for_context+0x183) [0x7fb5d725ae83]
[bt]: (15) /tmp/.mount_xourna172YH9/usr/lib/libgtk-3.so.0(+0x1da883) [0x7fb5d7253883]
[bt]: (16) /tmp/.mount_xourna172YH9/usr/lib/libgtk-3.so.0(+0x1dabbb) [0x7fb5d7253bbb]
[bt]: (17) /tmp/.mount_xourna172YH9/usr/lib/libgtk-3.so.0(+0x1edcf2) [0x7fb5d7266cf2]
[bt]: (18) /tmp/.mount_xourna172YH9/usr/lib/libgtk-3.so.0(+0x1eded7) [0x7fb5d7266ed7]
[bt]: (19) /tmp/.mount_xourna172YH9/usr/lib/libgtk-3.so.0(+0x2a871b) [0x7fb5d732171b]
[bt]: (20) /tmp/.mount_xourna172YH9/usr/lib/libgtk-3.so.0(+0x2a89af) [0x7fb5d73219af]
[bt]: (21) /tmp/.mount_xourna172YH9/usr/lib/libgtk-3.so.0(gtk_widget_get_preferred_height_and_baseline_for_width+0xa6) [0x7fb5d7321c76]
[bt]: (22) /tmp/.mount_xourna172YH9/usr/lib/libgtk-3.so.0(+0x120186) [0x7fb5d7199186]
[bt]: (23) /tmp/.mount_xourna172YH9/usr/lib/libgtk-3.so.0(+0x1201fb) [0x7fb5d71991fb]
[bt]: (24) /tmp/.mount_xourna172YH9/usr/lib/libgtk-3.so.0(+0x2a871b) [0x7fb5d732171b]
[bt]: (25) /tmp/.mount_xourna172YH9/usr/lib/libgtk-3.so.0(+0x2a89af) [0x7fb5d73219af]
[bt]: (26) /tmp/.mount_xourna172YH9/usr/lib/libgtk-3.so.0(gtk_widget_get_preferred_height+0x8a) [0x7fb5d732108a]
[bt]: (27) /tmp/.mount_xourna172YH9/usr/lib/libgtk-3.so.0(+0x2a87d4) [0x7fb5d73217d4]
[bt]: (28) /tmp/.mount_xourna172YH9/usr/lib/libgtk-3.so.0(+0x2a89af) [0x7fb5d73219af]
[bt]: (29) /tmp/.mount_xourna172YH9/usr/lib/libgtk-3.so.0(gtk_widget_get_preferred_height_and_baseline_for_width+0xa6) [0x7fb5d7321c76]
[bt]: (30) /tmp/.mount_xourna172YH9/usr/lib/libgtk-3.so.0(+0x2a8d37) [0x7fb5d7321d37]
[bt]: (31) /tmp/.mount_xourna172YH9/usr/lib/libgtk-3.so.0(+0x301d94) [0x7fb5d737ad94]
[bt]: (32) /tmp/.mount_xourna172YH9/usr/lib/libgtk-3.so.0(+0x3020b9) [0x7fb5d737b0b9]
[bt]: (33) /tmp/.mount_xourna172YH9/usr/lib/libgtk-3.so.0(+0x2a87d4) [0x7fb5d73217d4]
[bt]: (34) /tmp/.mount_xourna172YH9/usr/lib/libgtk-3.so.0(+0x2a89af) [0x7fb5d73219af]
[bt]: (35) /tmp/.mount_xourna172YH9/usr/lib/libgtk-3.so.0(gtk_widget_get_preferred_height_and_baseline_for_width+0xa6) [0x7fb5d7321c76]
[bt]: (36) /tmp/.mount_xourna172YH9/usr/lib/libgtk-3.so.0(+0x11348d) [0x7fb5d718c48d]
[bt]: (37) /tmp/.mount_xourna172YH9/usr/lib/libgtk-3.so.0(+0x2a871b) [0x7fb5d732171b]
[bt]: (38) /tmp/.mount_xourna172YH9/usr/lib/libgtk-3.so.0(+0x2a89af) [0x7fb5d73219af]
[bt]: (39) /tmp/.mount_xourna172YH9/usr/lib/libgtk-3.so.0(gtk_widget_get_preferred_height+0x8a) [0x7fb5d732108a]
[bt]: (40) /tmp/.mount_xourna172YH9/usr/lib/libgtk-3.so.0(+0x10f8a1) [0x7fb5d71888a1]
[bt]: (41) /tmp/.mount_xourna172YH9/usr/lib/libgtk-3.so.0(+0x2a87d4) [0x7fb5d73217d4]
[bt]: (42) /tmp/.mount_xourna172YH9/usr/lib/libgtk-3.so.0(+0x2a89af) [0x7fb5d73219af]
[bt]: (43) /tmp/.mount_xourna172YH9/usr/lib/libgtk-3.so.0(gtk_widget_get_preferred_height+0x8a) [0x7fb5d732108a]
[bt]: (44) /tmp/.mount_xourna172YH9/usr/lib/libgtk-3.so.0(+0x368342) [0x7fb5d73e1342]
[bt]: (45) /tmp/.mount_xourna172YH9/usr/lib/libgtk-3.so.0(+0x2a87d4) [0x7fb5d73217d4]
[bt]: (46) /tmp/.mount_xourna172YH9/usr/lib/libgtk-3.so.0(+0x2a89af) [0x7fb5d73219af]
[bt]: (47) /tmp/.mount_xourna172YH9/usr/lib/libgtk-3.so.0(gtk_widget_get_preferred_height_and_baseline_for_width+0xa6) [0x7fb5d7321c76]
[bt]: (48) /tmp/.mount_xourna172YH9/usr/lib/libgtk-3.so.0(+0x2a8d37) [0x7fb5d7321d37]
[bt]: (49) /tmp/.mount_xourna172YH9/usr/lib/libgtk-3.so.0(+0x369d93) [0x7fb5d73e2d93]
[bt]: (50) /tmp/.mount_xourna172YH9/usr/lib/libgtk-3.so.0(+0x36cb00) [0x7fb5d73e5b00]
[bt]: (51) /lib/x86_64-linux-gnu/libgobject-2.0.so.0(g_closure_invoke+0x1b2) [0x7fb5d67c3802]
[bt]: (52) /lib/x86_64-linux-gnu/libgobject-2.0.so.0(+0x28962) [0x7fb5d67d7962]
[bt]: (53) /lib/x86_64-linux-gnu/libgobject-2.0.so.0(g_signal_emit_valist+0x10ae) [0x7fb5d67e2b9e]
[bt]: (54) /lib/x86_64-linux-gnu/libgobject-2.0.so.0(g_signal_emit+0x93) [0x7fb5d67e30d3]
[bt]: (55) /tmp/.mount_xourna172YH9/usr/lib/libgtk-3.so.0(gtk_widget_show+0xa5) [0x7fb5d73d5715]
[bt]: (56) /tmp/.mount_xourna172YH9/usr/bin/xournalpp(_ZN11XournalMain3runEiPPc+0x85e) [0x4adb4e]
[bt]: (57) /tmp/.mount_xourna172YH9/usr/bin/xournalpp(main+0x30) [0x4814f0]
[bt]: (58) /lib/x86_64-linux-gnu/libc.so.6(__libc_start_main+0xf3) [0x7fb5d512d0b3]
[bt]: (59) /tmp/.mount_xourna172YH9/usr/bin/xournalpp(_start+0x29) [0x4816a9]


Try to get a better stracktrace...
[bt] #1 /tmp/.mount_xourna172YH9/usr/bin/xournalpp() [0x5c089d]
/home/vsts/work/1/s/build/../src/util/CrashHandlerUnix.h:102
[bt] #2 /lib/x86_64-linux-gnu/libc.so.6(+0x46210) [0x7fb5d514c210]
??:0
[bt] #3 /lib/x86_64-linux-gnu/libc.so.6(+0x18e7b8) [0x7fb5d52947b8]
??:0
[bt] #4 /tmp/.mount_xourna172YH9/usr/lib/libpng12.so.0(+0x1baa5) [0x7fb5d228aaa5]
??:0
[bt] #5 /tmp/.mount_xourna172YH9/usr/lib/libpng12.so.0(+0x1bf5c) [0x7fb5d228af5c]
??:0
[bt] #6 /tmp/.mount_xourna172YH9/usr/lib/libpng12.so.0(+0x1c151) [0x7fb5d228b151]
??:0
[bt] #7 /tmp/.mount_xourna172YH9/usr/lib/libpng12.so.0(png_process_data+0x3b) [0x7fb5d228b2cb]
??:0
[bt] #8 /tmp/.mount_xourna172YH9/usr/lib/gdk-pixbuf-2.0/loaders/libpixbufloader-png.so(+0x2b99) [0x7fb5ba651b99]
??:0
[bt] #9 /lib/x86_64-linux-gnu/libgdk_pixbuf-2.0.so.0(+0x10281) [0x7fb5d6a00281]
??:0
[bt] #10 /lib/x86_64-linux-gnu/libgdk_pixbuf-2.0.so.0(gdk_pixbuf_loader_close+0x175) [0x7fb5d6a00b15]
??:0
[bt] #11 /lib/x86_64-linux-gnu/libgdk_pixbuf-2.0.so.0(+0xd233) [0x7fb5d69fd233]
??:0
[bt] #12 /lib/x86_64-linux-gnu/libgdk_pixbuf-2.0.so.0(gdk_pixbuf_new_from_stream+0x31) [0x7fb5d69fe2c1]
??:0
[bt] #13 /tmp/.mount_xourna172YH9/usr/lib/libgtk-3.so.0(+0x1dd994) [0x7fb5d7256994]
??:0
[bt] #14 /tmp/.mount_xourna172YH9/usr/lib/libgtk-3.so.0(gtk_icon_info_load_icon+0x68) [0x7fb5d725a198]
??:0
[bt] #15 /tmp/.mount_xourna172YH9/usr/lib/libgtk-3.so.0(gtk_icon_info_load_symbolic_for_context+0x183) [0x7fb5d725ae83]
??:0
[bt] #16 /tmp/.mount_xourna172YH9/usr/lib/libgtk-3.so.0(+0x1da883) [0x7fb5d7253883]
??:0
[bt] #17 /tmp/.mount_xourna172YH9/usr/lib/libgtk-3.so.0(+0x1dabbb) [0x7fb5d7253bbb]
??:0
[bt] #18 /tmp/.mount_xourna172YH9/usr/lib/libgtk-3.so.0(+0x1edcf2) [0x7fb5d7266cf2]
??:0
[bt] #19 /tmp/.mount_xourna172YH9/usr/lib/libgtk-3.so.0(+0x1eded7) [0x7fb5d7266ed7]
??:0
[bt] #20 /tmp/.mount_xourna172YH9/usr/lib/libgtk-3.so.0(+0x2a871b) [0x7fb5d732171b]
??:0
[bt] #21 /tmp/.mount_xourna172YH9/usr/lib/libgtk-3.so.0(+0x2a89af) [0x7fb5d73219af]
??:0
[bt] #22 /tmp/.mount_xourna172YH9/usr/lib/libgtk-3.so.0(gtk_widget_get_preferred_height_and_baseline_for_width+0xa6) [0x7fb5d7321c76]
??:0
[bt] #23 /tmp/.mount_xourna172YH9/usr/lib/libgtk-3.so.0(+0x120186) [0x7fb5d7199186]
??:0
[bt] #24 /tmp/.mount_xourna172YH9/usr/lib/libgtk-3.so.0(+0x1201fb) [0x7fb5d71991fb]
??:0
[bt] #25 /tmp/.mount_xourna172YH9/usr/lib/libgtk-3.so.0(+0x2a871b) [0x7fb5d732171b]
??:0
[bt] #26 /tmp/.mount_xourna172YH9/usr/lib/libgtk-3.so.0(+0x2a89af) [0x7fb5d73219af]
??:0
[bt] #27 /tmp/.mount_xourna172YH9/usr/lib/libgtk-3.so.0(gtk_widget_get_preferred_height+0x8a) [0x7fb5d732108a]
??:0
[bt] #28 /tmp/.mount_xourna172YH9/usr/lib/libgtk-3.so.0(+0x2a87d4) [0x7fb5d73217d4]
??:0
[bt] #29 /tmp/.mount_xourna172YH9/usr/lib/libgtk-3.so.0(+0x2a89af) [0x7fb5d73219af]
??:0
[bt] #30 /tmp/.mount_xourna172YH9/usr/lib/libgtk-3.so.0(gtk_widget_get_preferred_height_and_baseline_for_width+0xa6) [0x7fb5d7321c76]
??:0
[bt] #31 /tmp/.mount_xourna172YH9/usr/lib/libgtk-3.so.0(+0x2a8d37) [0x7fb5d7321d37]
??:0
