Date: Sat Nov 28 11:47:57 2020
Error: signal 11
[bt]: (0) /tmp/.mount_xourna1zE551/usr/bin/xournalpp() [0x5c04c8]
[bt]: (1) /lib/x86_64-linux-gnu/libc.so.6(+0x46210) [0x7fc682a5e210]
[bt]: (2) /lib/x86_64-linux-gnu/libc.so.6(+0x18e7b8) [0x7fc682ba67b8]
[bt]: (3) /tmp/.mount_xourna1zE551/usr/lib/libpng12.so.0(+0x1baa5) [0x7fc67fb9caa5]
[bt]: (4) /tmp/.mount_xourna1zE551/usr/lib/libpng12.so.0(+0x1bf5c) [0x7fc67fb9cf5c]
[bt]: (5) /tmp/.mount_xourna1zE551/usr/lib/libpng12.so.0(+0x1c151) [0x7fc67fb9d151]
[bt]: (6) /tmp/.mount_xourna1zE551/usr/lib/libpng12.so.0(png_process_data+0x3b) [0x7fc67fb9d2cb]
[bt]: (7) /tmp/.mount_xourna1zE551/usr/lib/gdk-pixbuf-2.0/loaders/libpixbufloader-png.so(+0x2b99) [0x7fc65fdfbb99]
[bt]: (8) /lib/x86_64-linux-gnu/libgdk_pixbuf-2.0.so.0(+0x10281) [0x7fc684312281]
[bt]: (9) /lib/x86_64-linux-gnu/libgdk_pixbuf-2.0.so.0(gdk_pixbuf_loader_close+0x175) [0x7fc684312b15]
[bt]: (10) /lib/x86_64-linux-gnu/libgdk_pixbuf-2.0.so.0(+0xd233) [0x7fc68430f233]
[bt]: (11) /lib/x86_64-linux-gnu/libgdk_pixbuf-2.0.so.0(gdk_pixbuf_new_from_stream+0x31) [0x7fc6843102c1]
[bt]: (12) /tmp/.mount_xourna1zE551/usr/lib/libgtk-3.so.0(+0x1dd994) [0x7fc684b68994]
[bt]: (13) /tmp/.mount_xourna1zE551/usr/lib/libgtk-3.so.0(gtk_icon_info_load_icon+0x68) [0x7fc684b6c198]
[bt]: (14) /tmp/.mount_xourna1zE551/usr/lib/libgtk-3.so.0(gtk_icon_info_load_symbolic_for_context+0x183) [0x7fc684b6ce83]
[bt]: (15) /tmp/.mount_xourna1zE551/usr/lib/libgtk-3.so.0(+0x1da883) [0x7fc684b65883]
[bt]: (16) /tmp/.mount_xourna1zE551/usr/lib/libgtk-3.so.0(+0x1dabbb) [0x7fc684b65bbb]
[bt]: (17) /tmp/.mount_xourna1zE551/usr/lib/libgtk-3.so.0(+0x1edcf2) [0x7fc684b78cf2]
[bt]: (18) /tmp/.mount_xourna1zE551/usr/lib/libgtk-3.so.0(+0x1eded7) [0x7fc684b78ed7]
[bt]: (19) /tmp/.mount_xourna1zE551/usr/lib/libgtk-3.so.0(+0x2a871b) [0x7fc684c3371b]
[bt]: (20) /tmp/.mount_xourna1zE551/usr/lib/libgtk-3.so.0(+0x2a89af) [0x7fc684c339af]
[bt]: (21) /tmp/.mount_xourna1zE551/usr/lib/libgtk-3.so.0(gtk_widget_get_preferred_height_and_baseline_for_width+0xa6) [0x7fc684c33c76]
[bt]: (22) /tmp/.mount_xourna1zE551/usr/lib/libgtk-3.so.0(+0x120186) [0x7fc684aab186]
[bt]: (23) /tmp/.mount_xourna1zE551/usr/lib/libgtk-3.so.0(+0x1201fb) [0x7fc684aab1fb]
[bt]: (24) /tmp/.mount_xourna1zE551/usr/lib/libgtk-3.so.0(+0x2a871b) [0x7fc684c3371b]
[bt]: (25) /tmp/.mount_xourna1zE551/usr/lib/libgtk-3.so.0(+0x2a89af) [0x7fc684c339af]
[bt]: (26) /tmp/.mount_xourna1zE551/usr/lib/libgtk-3.so.0(gtk_widget_get_preferred_height+0x8a) [0x7fc684c3308a]
[bt]: (27) /tmp/.mount_xourna1zE551/usr/lib/libgtk-3.so.0(+0x2a87d4) [0x7fc684c337d4]
[bt]: (28) /tmp/.mount_xourna1zE551/usr/lib/libgtk-3.so.0(+0x2a89af) [0x7fc684c339af]
[bt]: (29) /tmp/.mount_xourna1zE551/usr/lib/libgtk-3.so.0(gtk_widget_get_preferred_height_and_baseline_for_width+0xa6) [0x7fc684c33c76]
[bt]: (30) /tmp/.mount_xourna1zE551/usr/lib/libgtk-3.so.0(+0x2a8d37) [0x7fc684c33d37]
[bt]: (31) /tmp/.mount_xourna1zE551/usr/lib/libgtk-3.so.0(+0x301d94) [0x7fc684c8cd94]
[bt]: (32) /tmp/.mount_xourna1zE551/usr/lib/libgtk-3.so.0(+0x3020b9) [0x7fc684c8d0b9]
[bt]: (33) /tmp/.mount_xourna1zE551/usr/lib/libgtk-3.so.0(+0x2a87d4) [0x7fc684c337d4]
[bt]: (34) /tmp/.mount_xourna1zE551/usr/lib/libgtk-3.so.0(+0x2a89af) [0x7fc684c339af]
[bt]: (35) /tmp/.mount_xourna1zE551/usr/lib/libgtk-3.so.0(gtk_widget_get_preferred_height_and_baseline_for_width+0xa6) [0x7fc684c33c76]
[bt]: (36) /tmp/.mount_xourna1zE551/usr/lib/libgtk-3.so.0(+0x11348d) [0x7fc684a9e48d]
[bt]: (37) /tmp/.mount_xourna1zE551/usr/lib/libgtk-3.so.0(+0x2a871b) [0x7fc684c3371b]
[bt]: (38) /tmp/.mount_xourna1zE551/usr/lib/libgtk-3.so.0(+0x2a89af) [0x7fc684c339af]
[bt]: (39) /tmp/.mount_xourna1zE551/usr/lib/libgtk-3.so.0(gtk_widget_get_preferred_height+0x8a) [0x7fc684c3308a]
[bt]: (40) /tmp/.mount_xourna1zE551/usr/lib/libgtk-3.so.0(+0x10f8a1) [0x7fc684a9a8a1]
[bt]: (41) /tmp/.mount_xourna1zE551/usr/lib/libgtk-3.so.0(+0x2a87d4) [0x7fc684c337d4]
[bt]: (42) /tmp/.mount_xourna1zE551/usr/lib/libgtk-3.so.0(+0x2a89af) [0x7fc684c339af]
[bt]: (43) /tmp/.mount_xourna1zE551/usr/lib/libgtk-3.so.0(gtk_widget_get_preferred_height+0x8a) [0x7fc684c3308a]
[bt]: (44) /tmp/.mount_xourna1zE551/usr/lib/libgtk-3.so.0(+0x368342) [0x7fc684cf3342]
[bt]: (45) /tmp/.mount_xourna1zE551/usr/lib/libgtk-3.so.0(+0x2a87d4) [0x7fc684c337d4]
[bt]: (46) /tmp/.mount_xourna1zE551/usr/lib/libgtk-3.so.0(+0x2a89af) [0x7fc684c339af]
[bt]: (47) /tmp/.mount_xourna1zE551/usr/lib/libgtk-3.so.0(gtk_widget_get_preferred_height_and_baseline_for_width+0xa6) [0x7fc684c33c76]
[bt]: (48) /tmp/.mount_xourna1zE551/usr/lib/libgtk-3.so.0(+0x2a8d37) [0x7fc684c33d37]
[bt]: (49) /tmp/.mount_xourna1zE551/usr/lib/libgtk-3.so.0(+0x369d93) [0x7fc684cf4d93]
[bt]: (50) /tmp/.mount_xourna1zE551/usr/lib/libgtk-3.so.0(+0x36cb00) [0x7fc684cf7b00]
[bt]: (51) /lib/x86_64-linux-gnu/libgobject-2.0.so.0(g_closure_invoke+0x1b2) [0x7fc6840d5802]
[bt]: (52) /lib/x86_64-linux-gnu/libgobject-2.0.so.0(+0x28962) [0x7fc6840e9962]
[bt]: (53) /lib/x86_64-linux-gnu/libgobject-2.0.so.0(g_signal_emit_valist+0x10ae) [0x7fc6840f4b9e]
[bt]: (54) /lib/x86_64-linux-gnu/libgobject-2.0.so.0(g_signal_emit+0x93) [0x7fc6840f50d3]
[bt]: (55) /tmp/.mount_xourna1zE551/usr/lib/libgtk-3.so.0(gtk_widget_show+0xa5) [0x7fc684ce7715]
[bt]: (56) /tmp/.mount_xourna1zE551/usr/bin/xournalpp(_ZN11XournalMain3runEiPPc+0x85e) [0x4adb4e]
[bt]: (57) /tmp/.mount_xourna1zE551/usr/bin/xournalpp(main+0x30) [0x4814f0]
[bt]: (58) /lib/x86_64-linux-gnu/libc.so.6(__libc_start_main+0xf3) [0x7fc682a3f0b3]
[bt]: (59) /tmp/.mount_xourna1zE551/usr/bin/xournalpp(_start+0x29) [0x4816a9]


Try to get a better stracktrace...
[bt] #1 /tmp/.mount_xourna1zE551/usr/bin/xournalpp() [0x5c089d]
/home/vsts/work/1/s/build/../src/util/CrashHandlerUnix.h:102
[bt] #2 /lib/x86_64-linux-gnu/libc.so.6(+0x46210) [0x7fc682a5e210]
??:0
[bt] #3 /lib/x86_64-linux-gnu/libc.so.6(+0x18e7b8) [0x7fc682ba67b8]
??:0
[bt] #4 /tmp/.mount_xourna1zE551/usr/lib/libpng12.so.0(+0x1baa5) [0x7fc67fb9caa5]
??:0
[bt] #5 /tmp/.mount_xourna1zE551/usr/lib/libpng12.so.0(+0x1bf5c) [0x7fc67fb9cf5c]
??:0
[bt] #6 /tmp/.mount_xourna1zE551/usr/lib/libpng12.so.0(+0x1c151) [0x7fc67fb9d151]
??:0
[bt] #7 /tmp/.mount_xourna1zE551/usr/lib/libpng12.so.0(png_process_data+0x3b) [0x7fc67fb9d2cb]
??:0
[bt] #8 /tmp/.mount_xourna1zE551/usr/lib/gdk-pixbuf-2.0/loaders/libpixbufloader-png.so(+0x2b99) [0x7fc65fdfbb99]
??:0
[bt] #9 /lib/x86_64-linux-gnu/libgdk_pixbuf-2.0.so.0(+0x10281) [0x7fc684312281]
??:0
[bt] #10 /lib/x86_64-linux-gnu/libgdk_pixbuf-2.0.so.0(gdk_pixbuf_loader_close+0x175) [0x7fc684312b15]
??:0
[bt] #11 /lib/x86_64-linux-gnu/libgdk_pixbuf-2.0.so.0(+0xd233) [0x7fc68430f233]
??:0
[bt] #12 /lib/x86_64-linux-gnu/libgdk_pixbuf-2.0.so.0(gdk_pixbuf_new_from_stream+0x31) [0x7fc6843102c1]
??:0
[bt] #13 /tmp/.mount_xourna1zE551/usr/lib/libgtk-3.so.0(+0x1dd994) [0x7fc684b68994]
??:0
[bt] #14 /tmp/.mount_xourna1zE551/usr/lib/libgtk-3.so.0(gtk_icon_info_load_icon+0x68) [0x7fc684b6c198]
??:0
[bt] #15 /tmp/.mount_xourna1zE551/usr/lib/libgtk-3.so.0(gtk_icon_info_load_symbolic_for_context+0x183) [0x7fc684b6ce83]
??:0
[bt] #16 /tmp/.mount_xourna1zE551/usr/lib/libgtk-3.so.0(+0x1da883) [0x7fc684b65883]
??:0
[bt] #17 /tmp/.mount_xourna1zE551/usr/lib/libgtk-3.so.0(+0x1dabbb) [0x7fc684b65bbb]
??:0
[bt] #18 /tmp/.mount_xourna1zE551/usr/lib/libgtk-3.so.0(+0x1edcf2) [0x7fc684b78cf2]
??:0
[bt] #19 /tmp/.mount_xourna1zE551/usr/lib/libgtk-3.so.0(+0x1eded7) [0x7fc684b78ed7]
??:0
[bt] #20 /tmp/.mount_xourna1zE551/usr/lib/libgtk-3.so.0(+0x2a871b) [0x7fc684c3371b]
??:0
[bt] #21 /tmp/.mount_xourna1zE551/usr/lib/libgtk-3.so.0(+0x2a89af) [0x7fc684c339af]
??:0
[bt] #22 /tmp/.mount_xourna1zE551/usr/lib/libgtk-3.so.0(gtk_widget_get_preferred_height_and_baseline_for_width+0xa6) [0x7fc684c33c76]
??:0
[bt] #23 /tmp/.mount_xourna1zE551/usr/lib/libgtk-3.so.0(+0x120186) [0x7fc684aab186]
??:0
[bt] #24 /tmp/.mount_xourna1zE551/usr/lib/libgtk-3.so.0(+0x1201fb) [0x7fc684aab1fb]
??:0
[bt] #25 /tmp/.mount_xourna1zE551/usr/lib/libgtk-3.so.0(+0x2a871b) [0x7fc684c3371b]
??:0
[bt] #26 /tmp/.mount_xourna1zE551/usr/lib/libgtk-3.so.0(+0x2a89af) [0x7fc684c339af]
??:0
[bt] #27 /tmp/.mount_xourna1zE551/usr/lib/libgtk-3.so.0(gtk_widget_get_preferred_height+0x8a) [0x7fc684c3308a]
??:0
[bt] #28 /tmp/.mount_xourna1zE551/usr/lib/libgtk-3.so.0(+0x2a87d4) [0x7fc684c337d4]
??:0
[bt] #29 /tmp/.mount_xourna1zE551/usr/lib/libgtk-3.so.0(+0x2a89af) [0x7fc684c339af]
??:0
[bt] #30 /tmp/.mount_xourna1zE551/usr/lib/libgtk-3.so.0(gtk_widget_get_preferred_height_and_baseline_for_width+0xa6) [0x7fc684c33c76]
??:0
[bt] #31 /tmp/.mount_xourna1zE551/usr/lib/libgtk-3.so.0(+0x2a8d37) [0x7fc684c33d37]
??:0
